0 info it worked if it ends with ok
1 verbose cli [ 'C:\\Program Files\\nodejs\\node.exe',
1 verbose cli   'C:\\Users\\ACER\\AppData\\Roaming\\npm\\node_modules\\npm\\bin\\npm-cli.js',
1 verbose cli   'start' ]
2 info using npm@4.1.2
3 info using node@v7.6.0
4 verbose run-script [ 'prestart', 'start', 'poststart' ]
5 info lifecycle template-alta-cms@1.0.0~prestart: template-alta-cms@1.0.0
6 silly lifecycle template-alta-cms@1.0.0~prestart: no script for prestart, continuing
7 info lifecycle template-alta-cms@1.0.0~start: template-alta-cms@1.0.0
8 verbose lifecycle template-alta-cms@1.0.0~start: unsafe-perm in lifecycle true
9 verbose lifecycle template-alta-cms@1.0.0~start: PATH: C:\Users\ACER\AppData\Roaming\npm\node_modules\npm\bin\node-gyp-bin;C:\Users\ACER\Downloads\IT\HK4-b\Thuc tap\Ex1\my-app\node_modules\.bin;C:\Program Files\NVIDIA GPU Computing Toolkit\CUDA\v11.2\bin;C:\Program Files\NVIDIA GPU Computing Toolkit\CUDA\v11.2\libnvvp;C:\Program Files\Common Files\Oracle\Java\javapath;C:\Program Files (x86)\Common Files\Oracle\Java\javapath;C:\Program Files (x86)\VMware\VMware Player\bin\;C:\ProgramData\Oracle\Java\javapath;C:\Program Files (x86)\Common Files\Intel\Shared Libraries\redist\intel64\compiler;C:\Windows\system32;C:\Windows;C:\Windows\System32\Wbem;C:\Windows\System32\WindowsPowerShell\v1.0\;C:\Windows\System32\OpenSSH\;C:\Program Files\NVIDIA Corporation\NVIDIA NGX;C:\Program Files (x86)\NVIDIA Corporation\PhysX\Common;C:\Program Files\NVIDIA Corporation\NVIDIA NvDLISR;C:\WINDOWS\system32;C:\WINDOWS;C:\WINDOWS\System32\Wbem;C:\WINDOWS\System32\WindowsPowerShell\v1.0\;C:\WINDOWS\System32\OpenSSH\;C:\Program Files\Microsoft SQL Server\Client SDK\ODBC\170\Tools\Binn\;C:\Program Files (x86)\Microsoft SQL Server\150\Tools\Binn\;C:\Program Files\Microsoft SQL Server\150\Tools\Binn\;C:\Program Files\Microsoft SQL Server\150\DTS\Binn\;C:\Program Files (x86)\Microsoft SQL Server\150\DTS\Binn\;C:\Program Files\NVIDIA Corporation\Nsight Compute 2020.3.1\;C:\Program Files\dotnet\;C:\Program Files\Microsoft SQL Server\130\Tools\Binn\;C:\Program Files\Git\cmd;C:\Program Files\Docker\Docker\resources\bin;C:\ProgramData\DockerDesktop\version-bin;C:\xampp\php;C:\ProgramData\ComposerSetup\bin;%NVM_HOME%;%NVM_SYMLINK%;C:\Users\ACER\AppData\Local\Programs\Python\Python39\Scripts\;C:\Users\ACER\AppData\Local\Programs\Python\Python39\;C:\Program Files\MySQL\MySQL Shell 8.0\bin\;C:\Users\ACER\AppData\Local\Microsoft\WindowsApps;C:\Users\ACER\AppData\Local\Programs\Microsoft VS Code\bin;C:\Program Files\NVIDIA GPU Computing Toolkit\CUDA\v11.2\bin;C:\Program Files\NVIDIA GPU Computing Toolkit\CUDA\v11.2\libnvvp;C:\Users\ACER\.dotnet\tools;C:\Users\ACER\AppData\Roaming\npm;C:\xampp\php;C:\Users\ACER\AppData\Roaming\Composer\vendor\bin;C:\Users\ACER\AppData\Roaming\nvm;C:\Program Files\nodejs
10 verbose lifecycle template-alta-cms@1.0.0~start: CWD: C:\Users\ACER\Downloads\IT\HK4-b\Thuc tap\Ex1\my-app
11 silly lifecycle template-alta-cms@1.0.0~start: Args: [ '/d /s /c', 'serve -s dist' ]
12 silly lifecycle template-alta-cms@1.0.0~start: Returned: code: 1  signal: null
13 info lifecycle template-alta-cms@1.0.0~start: Failed to exec start script
14 verbose stack Error: template-alta-cms@1.0.0 start: `serve -s dist`
14 verbose stack Exit status 1
14 verbose stack     at EventEmitter.<anonymous> (C:\Users\ACER\AppData\Roaming\npm\node_modules\npm\lib\utils\lifecycle.js:279:16)
14 verbose stack     at emitTwo (events.js:106:13)
14 verbose stack     at EventEmitter.emit (events.js:192:7)
14 verbose stack     at ChildProcess.<anonymous> (C:\Users\ACER\AppData\Roaming\npm\node_modules\npm\lib\utils\spawn.js:40:14)
14 verbose stack     at emitTwo (events.js:106:13)
14 verbose stack     at ChildProcess.emit (events.js:192:7)
14 verbose stack     at maybeClose (internal/child_process.js:890:16)
14 verbose stack     at Process.ChildProcess._handle.onexit (internal/child_process.js:226:5)
15 verbose pkgid template-alta-cms@1.0.0
16 verbose cwd C:\Users\ACER\Downloads\IT\HK4-b\Thuc tap\Ex1\my-app
17 error Windows_NT 10.0.19043
18 error argv "C:\\Program Files\\nodejs\\node.exe" "C:\\Users\\ACER\\AppData\\Roaming\\npm\\node_modules\\npm\\bin\\npm-cli.js" "start"
19 error node v7.6.0
20 error npm  v4.1.2
21 error code ELIFECYCLE
22 error template-alta-cms@1.0.0 start: `serve -s dist`
22 error Exit status 1
23 error Failed at the template-alta-cms@1.0.0 start script 'serve -s dist'.
23 error Make sure you have the latest version of node.js and npm installed.
23 error If you do, this is most likely a problem with the template-alta-cms package,
23 error not with npm itself.
23 error Tell the author that this fails on your system:
23 error     serve -s dist
23 error You can get information on how to open an issue for this project with:
23 error     npm bugs template-alta-cms
23 error Or if that isn't available, you can get their info via:
23 error     npm owner ls template-alta-cms
23 error There is likely additional logging output above.
24 verbose exit [ 1, true ]
